<?xml version="1.0" encoding="UTF-8"?>
<!-- Generated by org.testng.reporters.JUnitReportReporter -->
<testsuite skipped="0" hostname="Kris-Laptop" name="base" tests="1" failures="0" timestamp="14 Jun 2017 03:17:57 GMT" time="31.802" errors="0">
  <testcase name="Capabilities" time="31.802" classname="base"/>
</testsuite> <!-- base -->
