<?xml version="1.0" encoding="UTF-8"?>
<!-- Generated by org.testng.reporters.JUnitReportReporter -->
<testsuite skipped="0" hostname="Kris-Laptop" name="ScrollTo" tests="1" failures="0" timestamp="14 Jun 2017 18:00:37 GMT" time="8.780" errors="0">
  <testcase name="testCal" time="8.780" classname="ScrollTo"/>
</testsuite> <!-- ScrollTo -->
